-------------------------------------------------------------------------------
Test set: org.demoiselle.jee.geogov.consume.GeocepsTest
-------------------------------------------------------------------------------
Tests run: 3, Failures: 0, Errors: 3, Skipped: 0, Time elapsed: 0.664 sec <<< FAILURE!
testQueryString_String_Token(org.demoiselle.jee.geogov.consume.GeocepsTest)  Time elapsed: 0.096 sec  <<< ERROR!
org.demoiselle.jee.core.exception.DemoiselleException: Serviço indisponível
	at org.demoiselle.jee.geogov.consume.Geoceps.queryString(Geoceps.java:72)
	at org.demoiselle.jee.geogov.consume.GeocepsTest.testQueryString_String_Token(GeocepsTest.java:82)
	at sun.reflect.NativeMethodAccessorImpl.invoke0(Native Method)
	at sun.reflect.NativeMethodAccessorImpl.invoke(NativeMethodAccessorImpl.java:62)
	at sun.reflect.DelegatingMethodAccessorImpl.invoke(DelegatingMethodAccessorImpl.java:43)
	at java.lang.reflect.Method.invoke(Method.java:498)
	at org.junit.runners.model.FrameworkMethod$1.runReflectiveCall(FrameworkMethod.java:50)
	at org.junit.internal.runners.model.ReflectiveCallable.run(ReflectiveCallable.java:12)
	at org.junit.runners.model.FrameworkMethod.invokeExplosively(FrameworkMethod.java:47)
	at org.apache.deltaspike.testcontrol.api.junit.CdiTestRunner$ContainerAwareMethodInvoker.invokeMethod(CdiTestRunner.java:346)
	at org.apache.deltaspike.testcontrol.api.junit.CdiTestRunner$ContainerAwareMethodInvoker.evaluate(CdiTestRunner.java:318)
	at org.junit.internal.runners.statements.RunBefores.evaluate(RunBefores.java:26)
	at org.junit.internal.runners.statements.RunAfters.evaluate(RunAfters.java:27)
	at org.junit.runners.ParentRunner.runLeaf(ParentRunner.java:325)
	at org.junit.runners.BlockJUnit4ClassRunner.runChild(BlockJUnit4ClassRunner.java:78)
	at org.apache.deltaspike.testcontrol.api.junit.CdiTestRunner.runChild(CdiTestRunner.java:177)
	at org.apache.deltaspike.testcontrol.api.junit.CdiTestRunner.runChild(CdiTestRunner.java:76)
	at org.junit.runners.ParentRunner$3.run(ParentRunner.java:290)
	at org.junit.runners.ParentRunner$1.schedule(ParentRunner.java:71)
	at org.junit.runners.ParentRunner.runChildren(ParentRunner.java:288)
	at org.junit.runners.ParentRunner.access$000(ParentRunner.java:58)
	at org.junit.runners.ParentRunner$2.evaluate(ParentRunner.java:268)
	at org.junit.internal.runners.statements.RunBefores.evaluate(RunBefores.java:26)
	at org.apache.deltaspike.testcontrol.api.junit.CdiTestRunner$BeforeClassStatement.evaluate(CdiTestRunner.java:372)
	at org.junit.internal.runners.statements.RunAfters.evaluate(RunAfters.java:27)
	at org.apache.deltaspike.testcontrol.api.junit.CdiTestRunner$AfterClassStatement.evaluate(CdiTestRunner.java:393)
	at org.junit.runners.ParentRunner.run(ParentRunner.java:363)
	at org.apache.deltaspike.testcontrol.api.junit.CdiTestRunner.run(CdiTestRunner.java:144)
	at org.apache.maven.surefire.junit4.JUnit4Provider.execute(JUnit4Provider.java:252)
	at org.apache.maven.surefire.junit4.JUnit4Provider.executeTestSet(JUnit4Provider.java:141)
	at org.apache.maven.surefire.junit4.JUnit4Provider.invoke(JUnit4Provider.java:112)
	at sun.reflect.NativeMethodAccessorImpl.invoke0(Native Method)
	at sun.reflect.NativeMethodAccessorImpl.invoke(NativeMethodAccessorImpl.java:62)
	at sun.reflect.DelegatingMethodAccessorImpl.invoke(DelegatingMethodAccessorImpl.java:43)
	at java.lang.reflect.Method.invoke(Method.java:498)
	at org.apache.maven.surefire.util.ReflectionUtils.invokeMethodWithArray(ReflectionUtils.java:189)
	at org.apache.maven.surefire.booter.ProviderFactory$ProviderProxy.invoke(ProviderFactory.java:165)
	at org.apache.maven.surefire.booter.ProviderFactory.invokeProvider(ProviderFactory.java:85)
	at org.apache.maven.surefire.booter.ForkedBooter.runSuitesInProcess(ForkedBooter.java:115)
	at org.apache.maven.surefire.booter.ForkedBooter.main(ForkedBooter.java:75)

testGeocep_String_Token(org.demoiselle.jee.geogov.consume.GeocepsTest)  Time elapsed: 0.085 sec  <<< ERROR!
org.demoiselle.jee.core.exception.DemoiselleException: Serviço indisponível
	at org.demoiselle.jee.geogov.consume.Geoceps.geocep(Geoceps.java:42)
	at org.demoiselle.jee.geogov.consume.GeocepsTest.testGeocep_String_Token(GeocepsTest.java:66)
	at sun.reflect.NativeMethodAccessorImpl.invoke0(Native Method)
	at sun.reflect.NativeMethodAccessorImpl.invoke(NativeMethodAccessorImpl.java:62)
	at sun.reflect.DelegatingMethodAccessorImpl.invoke(DelegatingMethodAccessorImpl.java:43)
	at java.lang.reflect.Method.invoke(Method.java:498)
	at org.junit.runners.model.FrameworkMethod$1.runReflectiveCall(FrameworkMethod.java:50)
	at org.junit.internal.runners.model.ReflectiveCallable.run(ReflectiveCallable.java:12)
	at org.junit.runners.model.FrameworkMethod.invokeExplosively(FrameworkMethod.java:47)
	at org.apache.deltaspike.testcontrol.api.junit.CdiTestRunner$ContainerAwareMethodInvoker.invokeMethod(CdiTestRunner.java:346)
	at org.apache.deltaspike.testcontrol.api.junit.CdiTestRunner$ContainerAwareMethodInvoker.evaluate(CdiTestRunner.java:318)
	at org.junit.internal.runners.statements.RunBefores.evaluate(RunBefores.java:26)
	at org.junit.internal.runners.statements.RunAfters.evaluate(RunAfters.java:27)
	at org.junit.runners.ParentRunner.runLeaf(ParentRunner.java:325)
	at org.junit.runners.BlockJUnit4ClassRunner.runChild(BlockJUnit4ClassRunner.java:78)
	at org.apache.deltaspike.testcontrol.api.junit.CdiTestRunner.runChild(CdiTestRunner.java:177)
	at org.apache.deltaspike.testcontrol.api.junit.CdiTestRunner.runChild(CdiTestRunner.java:76)
	at org.junit.runners.ParentRunner$3.run(ParentRunner.java:290)
	at org.junit.runners.ParentRunner$1.schedule(ParentRunner.java:71)
	at org.junit.runners.ParentRunner.runChildren(ParentRunner.java:288)
	at org.junit.runners.ParentRunner.access$000(ParentRunner.java:58)
	at org.junit.runners.ParentRunner$2.evaluate(ParentRunner.java:268)
	at org.junit.internal.runners.statements.RunBefores.evaluate(RunBefores.java:26)
	at org.apache.deltaspike.testcontrol.api.junit.CdiTestRunner$BeforeClassStatement.evaluate(CdiTestRunner.java:372)
	at org.junit.internal.runners.statements.RunAfters.evaluate(RunAfters.java:27)
	at org.apache.deltaspike.testcontrol.api.junit.CdiTestRunner$AfterClassStatement.evaluate(CdiTestRunner.java:393)
	at org.junit.runners.ParentRunner.run(ParentRunner.java:363)
	at org.apache.deltaspike.testcontrol.api.junit.CdiTestRunner.run(CdiTestRunner.java:144)
	at org.apache.maven.surefire.junit4.JUnit4Provider.execute(JUnit4Provider.java:252)
	at org.apache.maven.surefire.junit4.JUnit4Provider.executeTestSet(JUnit4Provider.java:141)
	at org.apache.maven.surefire.junit4.JUnit4Provider.invoke(JUnit4Provider.java:112)
	at sun.reflect.NativeMethodAccessorImpl.invoke0(Native Method)
	at sun.reflect.NativeMethodAccessorImpl.invoke(NativeMethodAccessorImpl.java:62)
	at sun.reflect.DelegatingMethodAccessorImpl.invoke(DelegatingMethodAccessorImpl.java:43)
	at java.lang.reflect.Method.invoke(Method.java:498)
	at org.apache.maven.surefire.util.ReflectionUtils.invokeMethodWithArray(ReflectionUtils.java:189)
	at org.apache.maven.surefire.booter.ProviderFactory$ProviderProxy.invoke(ProviderFactory.java:165)
	at org.apache.maven.surefire.booter.ProviderFactory.invokeProvider(ProviderFactory.java:85)
	at org.apache.maven.surefire.booter.ForkedBooter.runSuitesInProcess(ForkedBooter.java:115)
	at org.apache.maven.surefire.booter.ForkedBooter.main(ForkedBooter.java:75)

testSearchByExample_Geocep_Token(org.demoiselle.jee.geogov.consume.GeocepsTest)  Time elapsed: 0.058 sec  <<< ERROR!
org.demoiselle.jee.core.exception.DemoiselleException: Serviço indisponível
	at org.demoiselle.jee.geogov.consume.Geoceps.queryString(Geoceps.java:72)
	at org.demoiselle.jee.geogov.consume.Geoceps.searchByExample(Geoceps.java:93)
	at org.demoiselle.jee.geogov.consume.GeocepsTest.testSearchByExample_Geocep_Token(GeocepsTest.java:98)
	at sun.reflect.NativeMethodAccessorImpl.invoke0(Native Method)
	at sun.reflect.NativeMethodAccessorImpl.invoke(NativeMethodAccessorImpl.java:62)
	at sun.reflect.DelegatingMethodAccessorImpl.invoke(DelegatingMethodAccessorImpl.java:43)
	at java.lang.reflect.Method.invoke(Method.java:498)
	at org.junit.runners.model.FrameworkMethod$1.runReflectiveCall(FrameworkMethod.java:50)
	at org.junit.internal.runners.model.ReflectiveCallable.run(ReflectiveCallable.java:12)
	at org.junit.runners.model.FrameworkMethod.invokeExplosively(FrameworkMethod.java:47)
	at org.apache.deltaspike.testcontrol.api.junit.CdiTestRunner$ContainerAwareMethodInvoker.invokeMethod(CdiTestRunner.java:346)
	at org.apache.deltaspike.testcontrol.api.junit.CdiTestRunner$ContainerAwareMethodInvoker.evaluate(CdiTestRunner.java:318)
	at org.junit.internal.runners.statements.RunBefores.evaluate(RunBefores.java:26)
	at org.junit.internal.runners.statements.RunAfters.evaluate(RunAfters.java:27)
	at org.junit.runners.ParentRunner.runLeaf(ParentRunner.java:325)
	at org.junit.runners.BlockJUnit4ClassRunner.runChild(BlockJUnit4ClassRunner.java:78)
	at org.apache.deltaspike.testcontrol.api.junit.CdiTestRunner.runChild(CdiTestRunner.java:177)
	at org.apache.deltaspike.testcontrol.api.junit.CdiTestRunner.runChild(CdiTestRunner.java:76)
	at org.junit.runners.ParentRunner$3.run(ParentRunner.java:290)
	at org.junit.runners.ParentRunner$1.schedule(ParentRunner.java:71)
	at org.junit.runners.ParentRunner.runChildren(ParentRunner.java:288)
	at org.junit.runners.ParentRunner.access$000(ParentRunner.java:58)
	at org.junit.runners.ParentRunner$2.evaluate(ParentRunner.java:268)
	at org.junit.internal.runners.statements.RunBefores.evaluate(RunBefores.java:26)
	at org.apache.deltaspike.testcontrol.api.junit.CdiTestRunner$BeforeClassStatement.evaluate(CdiTestRunner.java:372)
	at org.junit.internal.runners.statements.RunAfters.evaluate(RunAfters.java:27)
	at org.apache.deltaspike.testcontrol.api.junit.CdiTestRunner$AfterClassStatement.evaluate(CdiTestRunner.java:393)
	at org.junit.runners.ParentRunner.run(ParentRunner.java:363)
	at org.apache.deltaspike.testcontrol.api.junit.CdiTestRunner.run(CdiTestRunner.java:144)
	at org.apache.maven.surefire.junit4.JUnit4Provider.execute(JUnit4Provider.java:252)
	at org.apache.maven.surefire.junit4.JUnit4Provider.executeTestSet(JUnit4Provider.java:141)
	at org.apache.maven.surefire.junit4.JUnit4Provider.invoke(JUnit4Provider.java:112)
	at sun.reflect.NativeMethodAccessorImpl.invoke0(Native Method)
	at sun.reflect.NativeMethodAccessorImpl.invoke(NativeMethodAccessorImpl.java:62)
	at sun.reflect.DelegatingMethodAccessorImpl.invoke(DelegatingMethodAccessorImpl.java:43)
	at java.lang.reflect.Method.invoke(Method.java:498)
	at org.apache.maven.surefire.util.ReflectionUtils.invokeMethodWithArray(ReflectionUtils.java:189)
	at org.apache.maven.surefire.booter.ProviderFactory$ProviderProxy.invoke(ProviderFactory.java:165)
	at org.apache.maven.surefire.booter.ProviderFactory.invokeProvider(ProviderFactory.java:85)
	at org.apache.maven.surefire.booter.ForkedBooter.runSuitesInProcess(ForkedBooter.java:115)
	at org.apache.maven.surefire.booter.ForkedBooter.main(ForkedBooter.java:75)

