<?xml version="1.0" encoding="UTF-8" ?>
<testsuite tests="3" failures="0" name="org.demoiselle.jee.geogov.consume.GeocepsTest" time="0.049" errors="3" skipped="0">
  <properties>
    <property name="java.runtime.name" value="Java(TM) SE Runtime Environment"/>
    <property name="sun.boot.library.path" value="/usr/lib/jvm/java-8-oracle/jre/lib/amd64"/>
    <property name="java.vm.version" value="25.181-b13"/>
    <property name="java.vm.vendor" value="Oracle Corporation"/>
    <property name="maven.multiModuleProjectDirectory" value="/home/70744416353/NetBeansProjects/github/demoiselle-geogov"/>
    <property name="java.vendor.url" value="http://java.oracle.com/"/>
    <property name="path.separator" value=":"/>
    <property name="guice.disable.misplaced.annotation.check" value="true"/>
    <property name="java.vm.name" value="Java HotSpot(TM) 64-Bit Server VM"/>
    <property name="file.encoding.pkg" value="sun.io"/>
    <property name="user.country" value="BR"/>
    <property name="sun.java.launcher" value="SUN_STANDARD"/>
    <property name="sun.os.patch.level" value="unknown"/>
    <property name="java.vm.specification.name" value="Java Virtual Machine Specification"/>
    <property name="user.dir" value="/home/70744416353/NetBeansProjects/github/demoiselle-geogov"/>
    <property name="java.runtime.version" value="1.8.0_181-b13"/>
    <property name="java.awt.graphicsenv" value="sun.awt.X11GraphicsEnvironment"/>
    <property name="java.endorsed.dirs" value="/usr/lib/jvm/java-8-oracle/jre/lib/endorsed"/>
    <property name="os.arch" value="amd64"/>
    <property name="java.io.tmpdir" value="/tmp"/>
    <property name="line.separator" value="
"/>
    <property name="java.vm.specification.vendor" value="Oracle Corporation"/>
    <property name="os.name" value="Linux"/>
    <property name="maven.ext.class.path" value="/opt/demoiselle/netbeans/java/maven-nblib/netbeans-eventspy.jar"/>
    <property name="classworlds.conf" value="/opt/demoiselle/netbeans/java/maven/bin/m2.conf"/>
    <property name="sun.jnu.encoding" value="UTF-8"/>
    <property name="java.library.path" value="/usr/java/packages/lib/amd64:/usr/lib64:/lib64:/lib:/usr/lib"/>
    <property name="java.specification.name" value="Java Platform API Specification"/>
    <property name="java.class.version" value="52.0"/>
    <property name="sun.management.compiler" value="HotSpot 64-Bit Tiered Compilers"/>
    <property name="os.version" value="4.4.0-62-generic"/>
    <property name="user.home" value="/home/70744416353"/>
    <property name="user.timezone" value="America/Sao_Paulo"/>
    <property name="java.awt.printerjob" value="sun.print.PSPrinterJob"/>
    <property name="java.specification.version" value="1.8"/>
    <property name="file.encoding" value="UTF-8"/>
    <property name="user.name" value="70744416353"/>
    <property name="java.class.path" value="/opt/demoiselle/netbeans/java/maven/boot/plexus-classworlds-2.5.2.jar"/>
    <property name="java.vm.specification.version" value="1.8"/>
    <property name="sun.arch.data.model" value="64"/>
    <property name="java.home" value="/usr/lib/jvm/java-8-oracle/jre"/>
    <property name="sun.java.command" value="org.codehaus.plexus.classworlds.launcher.Launcher -Dmaven.ext.class.path=/opt/demoiselle/netbeans/java/maven-nblib/netbeans-eventspy.jar clean install"/>
    <property name="java.specification.vendor" value="Oracle Corporation"/>
    <property name="user.language" value="pt"/>
    <property name="awt.toolkit" value="sun.awt.X11.XToolkit"/>
    <property name="java.vm.info" value="mixed mode"/>
    <property name="java.version" value="1.8.0_181"/>
    <property name="java.ext.dirs" value="/usr/lib/jvm/java-8-oracle/jre/lib/ext:/usr/java/packages/lib/ext"/>
    <property name="securerandom.source" value="file:/dev/./urandom"/>
    <property name="sun.boot.class.path" value="/usr/lib/jvm/java-8-oracle/jre/lib/resources.jar:/usr/lib/jvm/java-8-oracle/jre/lib/rt.jar:/usr/lib/jvm/java-8-oracle/jre/lib/sunrsasign.jar:/usr/lib/jvm/java-8-oracle/jre/lib/jsse.jar:/usr/lib/jvm/java-8-oracle/jre/lib/jce.jar:/usr/lib/jvm/java-8-oracle/jre/lib/charsets.jar:/usr/lib/jvm/java-8-oracle/jre/lib/jfr.jar:/usr/lib/jvm/java-8-oracle/jre/classes"/>
    <property name="java.vendor" value="Oracle Corporation"/>
    <property name="maven.home" value="/opt/demoiselle/netbeans/java/maven"/>
    <property name="file.separator" value="/"/>
    <property name="java.vendor.url.bug" value="http://bugreport.sun.com/bugreport/"/>
    <property name="sun.cpu.endian" value="little"/>
    <property name="sun.io.unicode.encoding" value="UnicodeLittle"/>
    <property name="sun.desktop" value="gnome"/>
    <property name="sun.cpu.isalist" value=""/>
  </properties>
  <testcase classname="org.demoiselle.jee.geogov.consume.GeocepsTest" name="testQueryString_String_Token" time="0.04">
    <error message="Serviço indisponível" type="org.demoiselle.jee.core.exception.DemoiselleException">org.demoiselle.jee.core.exception.DemoiselleException: Serviço indisponível
	at org.demoiselle.jee.geogov.consume.Geoceps.queryString(Geoceps.java:72)
	at org.demoiselle.jee.geogov.consume.GeocepsTest.testQueryString_String_Token(GeocepsTest.java:82)
	at sun.reflect.NativeMethodAccessorImpl.invoke0(Native Method)
	at sun.reflect.NativeMethodAccessorImpl.invoke(NativeMethodAccessorImpl.java:62)
	at sun.reflect.DelegatingMethodAccessorImpl.invoke(DelegatingMethodAccessorImpl.java:43)
	at java.lang.reflect.Method.invoke(Method.java:498)
	at org.junit.runners.model.FrameworkMethod$1.runReflectiveCall(FrameworkMethod.java:50)
	at org.junit.internal.runners.model.ReflectiveCallable.run(ReflectiveCallable.java:12)
	at org.junit.runners.model.FrameworkMethod.invokeExplosively(FrameworkMethod.java:47)
	at org.apache.deltaspike.testcontrol.api.junit.CdiTestRunner$ContainerAwareMethodInvoker.invokeMethod(CdiTestRunner.java:346)
	at org.apache.deltaspike.testcontrol.api.junit.CdiTestRunner$ContainerAwareMethodInvoker.evaluate(CdiTestRunner.java:318)
	at org.junit.internal.runners.statements.RunBefores.evaluate(RunBefores.java:26)
	at org.junit.internal.runners.statements.RunAfters.evaluate(RunAfters.java:27)
	at org.junit.runners.ParentRunner.runLeaf(ParentRunner.java:325)
	at org.junit.runners.BlockJUnit4ClassRunner.runChild(BlockJUnit4ClassRunner.java:78)
	at org.apache.deltaspike.testcontrol.api.junit.CdiTestRunner.runChild(CdiTestRunner.java:177)
	at org.apache.deltaspike.testcontrol.api.junit.CdiTestRunner.runChild(CdiTestRunner.java:76)
	at org.junit.runners.ParentRunner$3.run(ParentRunner.java:290)
	at org.junit.runners.ParentRunner$1.schedule(ParentRunner.java:71)
	at org.junit.runners.ParentRunner.runChildren(ParentRunner.java:288)
	at org.junit.runners.ParentRunner.access$000(ParentRunner.java:58)
	at org.junit.runners.ParentRunner$2.evaluate(ParentRunner.java:268)
	at org.junit.internal.runners.statements.RunBefores.evaluate(RunBefores.java:26)
	at org.apache.deltaspike.testcontrol.api.junit.CdiTestRunner$BeforeClassStatement.evaluate(CdiTestRunner.java:372)
	at org.junit.internal.runners.statements.RunAfters.evaluate(RunAfters.java:27)
	at org.apache.deltaspike.testcontrol.api.junit.CdiTestRunner$AfterClassStatement.evaluate(CdiTestRunner.java:393)
	at org.junit.runners.ParentRunner.run(ParentRunner.java:363)
	at org.apache.deltaspike.testcontrol.api.junit.CdiTestRunner.run(CdiTestRunner.java:144)
	at org.apache.maven.surefire.junit4.JUnit4Provider.execute(JUnit4Provider.java:252)
	at org.apache.maven.surefire.junit4.JUnit4Provider.executeTestSet(JUnit4Provider.java:141)
	at org.apache.maven.surefire.junit4.JUnit4Provider.invoke(JUnit4Provider.java:112)
	at sun.reflect.NativeMethodAccessorImpl.invoke0(Native Method)
	at sun.reflect.NativeMethodAccessorImpl.invoke(NativeMethodAccessorImpl.java:62)
	at sun.reflect.DelegatingMethodAccessorImpl.invoke(DelegatingMethodAccessorImpl.java:43)
	at java.lang.reflect.Method.invoke(Method.java:498)
	at org.apache.maven.surefire.util.ReflectionUtils.invokeMethodWithArray(ReflectionUtils.java:189)
	at org.apache.maven.surefire.booter.ProviderFactory$ProviderProxy.invoke(ProviderFactory.java:165)
	at org.apache.maven.surefire.booter.ProviderFactory.invokeProvider(ProviderFactory.java:85)
	at org.apache.maven.surefire.booter.ForkedBooter.runSuitesInProcess(ForkedBooter.java:115)
	at org.apache.maven.surefire.booter.ForkedBooter.main(ForkedBooter.java:75)
</error>
    <system-out>queryString
</system-out>
    <system-err>mai 17, 2019 3:11:29 PM org.apache.deltaspike.testcontrol.api.junit.CdiTestSuiteRunner$LogRunListener testFailure
INFORMAÇÕES: [failed] org.demoiselle.jee.geogov.consume.CepsTest#testGeocep message: Serviço indisponível
mai 17, 2019 3:11:29 PM org.apache.deltaspike.testcontrol.api.junit.CdiTestSuiteRunner$LogRunListener testFinished
INFORMAÇÕES: [finished] org.demoiselle.jee.geogov.consume.CepsTest#testGeocep
mai 17, 2019 3:11:29 PM org.demoiselle.jee.core.lifecycle.LifecycleBootstrap processShutdown
INFORMAÇÕES: ====================================================
mai 17, 2019 3:11:29 PM org.demoiselle.jee.core.lifecycle.LifecycleBootstrap processShutdown
INFORMAÇÕES: Demoiselle JEE - Ragnar 3.0.0 in: 21/02/2017 21:41
mai 17, 2019 3:11:29 PM org.demoiselle.jee.core.lifecycle.LifecycleBootstrap processShutdown
INFORMAÇÕES: Desligando os motores do Demoiselle 3.0.0
mai 17, 2019 3:11:29 PM org.demoiselle.jee.core.lifecycle.LifecycleBootstrap processShutdown
INFORMAÇÕES: ====================================================
mai 17, 2019 3:11:29 PM org.jboss.weld.environment.se.WeldContainer shutdown
INFO: WELD-ENV-002001: Weld SE container STATIC_INSTANCE shut down
mai 17, 2019 3:11:29 PM org.apache.deltaspike.core.api.config.PropertyLoader loadAllProperties
INFORMAÇÕES: could not find any property files with name META-INF/apache-deltaspike_test-container
mai 17, 2019 3:11:29 PM org.jboss.weld.bootstrap.WeldStartup startContainer
INFO: WELD-000101: Transactional services not available. Injection of @Inject UserTransaction not available. Transactional observers will be invoked synchronously.
mai 17, 2019 3:11:29 PM org.jboss.weld.event.ExtensionObserverMethodImpl checkRequiredTypeAnnotations
INFO: WELD-000411: Observer method [BackedAnnotatedMethod] protected org.apache.deltaspike.core.impl.interceptor.GlobalInterceptorExtension.promoteInterceptors(@Observes ProcessAnnotatedType, BeanManager) receives events for all annotated types. Consider restricting events using @WithAnnotations or a generic type with bounds.
mai 17, 2019 3:11:29 PM org.jboss.weld.event.ExtensionObserverMethodImpl checkRequiredTypeAnnotations
INFO: WELD-000411: Observer method [BackedAnnotatedMethod] protected org.apache.deltaspike.core.impl.message.MessageBundleExtension.detectInterfaces(@Observes ProcessAnnotatedType) receives events for all annotated types. Consider restricting events using @WithAnnotations or a generic type with bounds.
mai 17, 2019 3:11:29 PM org.jboss.weld.event.ExtensionObserverMethodImpl checkRequiredTypeAnnotations
INFO: WELD-000411: Observer method [BackedAnnotatedMethod] protected org.demoiselle.jee.core.lifecycle.LifecycleBootstrap.startup(@Observes ProcessAnnotatedType&lt;?&gt;) receives events for all annotated types. Consider restricting events using @WithAnnotations or a generic type with bounds.
mai 17, 2019 3:11:29 PM org.jboss.weld.event.ExtensionObserverMethodImpl checkRequiredTypeAnnotations
INFO: WELD-000411: Observer method [BackedAnnotatedMethod] protected org.apache.deltaspike.core.impl.exclude.extension.ExcludeExtension.vetoBeans(@Observes ProcessAnnotatedType, BeanManager) receives events for all annotated types. Consider restricting events using @WithAnnotations or a generic type with bounds.
mai 17, 2019 3:11:29 PM org.jboss.weld.bootstrap.MissingDependenciesRegistry handleResourceLoadingException
INFO: WELD-000119: Not generating any bean definitions from org.apache.deltaspike.testcontrol.impl.jsf.MyFacesContainerAdapter because of underlying class loading error: Type org.apache.myfaces.mc.test.core.runner.MyFacesContainer not found.  If this is unexpected, enable DEBUG logging to see the full error.
mai 17, 2019 3:11:29 PM org.jboss.weld.bootstrap.MissingDependenciesRegistry handleResourceLoadingException
INFO: WELD-000119: Not generating any bean definitions from org.apache.deltaspike.testcontrol.impl.jsf.MyFacesContainerAdapter$1 because of underlying class loading error: Type org.apache.myfaces.mc.test.core.runner.MyFacesContainer not found.  If this is unexpected, enable DEBUG logging to see the full error.
mai 17, 2019 3:11:29 PM org.jboss.weld.bootstrap.MissingDependenciesRegistry handleResourceLoadingException
INFO: WELD-000119: Not generating any bean definitions from org.apache.deltaspike.testcontrol.impl.jsf.MockedJsf2TestContainer because of underlying class loading error: Type org.apache.myfaces.test.mock.MockRenderKit not found.  If this is unexpected, enable DEBUG logging to see the full error.
mai 17, 2019 3:11:29 PM org.jboss.weld.bootstrap.MissingDependenciesRegistry handleResourceLoadingException
INFO: WELD-000119: Not generating any bean definitions from org.apache.deltaspike.testcontrol.impl.jsf.MockedJsfTestContainerAdapter because of underlying class loading error: Type org.apache.myfaces.test.mock.MockedJsfTestContainer not found.  If this is unexpected, enable DEBUG logging to see the full error.
mai 17, 2019 3:11:29 PM org.jboss.weld.logging.ValidatorLogger$7 log
WARN: WELD-001478: Interceptor class org.apache.deltaspike.core.impl.throttling.ThrottledInterceptor is enabled for the application and for the bean archive /home/70744416353/.m2/repository/org/apache/deltaspike/core/deltaspike-core-impl/1.7.1/deltaspike-core-impl-1.7.1.jar. It will only be invoked in the @Priority part of the chain.
mai 17, 2019 3:11:29 PM org.jboss.weld.logging.ValidatorLogger$7 log
WARN: WELD-001478: Interceptor class org.apache.deltaspike.core.impl.lock.LockedInterceptor is enabled for the application and for the bean archive /home/70744416353/.m2/repository/org/apache/deltaspike/core/deltaspike-core-impl/1.7.1/deltaspike-core-impl-1.7.1.jar. It will only be invoked in the @Priority part of the chain.
mai 17, 2019 3:11:29 PM org.jboss.weld.logging.ValidatorLogger$7 log
WARN: WELD-001478: Interceptor class org.apache.deltaspike.core.impl.future.FutureableInterceptor is enabled for the application and for the bean archive /home/70744416353/.m2/repository/org/apache/deltaspike/core/deltaspike-core-impl/1.7.1/deltaspike-core-impl-1.7.1.jar. It will only be invoked in the @Priority part of the chain.
mai 17, 2019 3:11:29 PM org.jboss.weld.environment.se.WeldContainer initialize
INFO: WELD-ENV-002003: Weld SE container STATIC_INSTANCE initialized
mai 17, 2019 3:11:29 PM org.demoiselle.jee.core.lifecycle.LifecycleBootstrap processStartup
INFORMAÇÕES: ====================================================
mai 17, 2019 3:11:29 PM org.demoiselle.jee.core.lifecycle.LifecycleBootstrap processStartup
INFORMAÇÕES: Ligando turbinas...
mai 17, 2019 3:11:29 PM org.demoiselle.jee.core.lifecycle.LifecycleBootstrap processStartup
INFORMAÇÕES: Demoiselle JEE - Ragnar 3.0.0 in: 21/02/2017 21:41
mai 17, 2019 3:11:29 PM org.demoiselle.jee.core.lifecycle.LifecycleBootstrap processStartup
INFORMAÇÕES: Iniciando o Demoiselle Framework 3.0.0
mai 17, 2019 3:11:29 PM org.demoiselle.jee.core.lifecycle.LifecycleBootstrap processStartup
INFORMAÇÕES: ====================================================
mai 17, 2019 3:11:29 PM org.apache.deltaspike.testcontrol.api.junit.CdiTestSuiteRunner$LogRunListener testStarted
INFORMAÇÕES: [run] org.demoiselle.jee.geogov.consume.GeocepsTest#testQueryString_String_Token
mai 17, 2019 3:11:29 PM org.demoiselle.jee.configuration.ConfigurationLoader processConfiguration
INFORMAÇÕES: *******************************************************
mai 17, 2019 3:11:29 PM org.demoiselle.jee.configuration.ConfigurationLoader processConfiguration
INFORMAÇÕES: Carregando a classe de configuração org.demoiselle.jee.geogov.DemoiselleGeoGovConfig
mai 17, 2019 3:11:29 PM org.demoiselle.jee.configuration.ConfigurationLoader lambda$printConfiguration$0
INFORMAÇÕES: -&gt; demoiselle.geogov.username = [valor suprimido pela anotação @ConfigurationSuppressLogger]
mai 17, 2019 3:11:29 PM org.demoiselle.jee.configuration.ConfigurationLoader lambda$printConfiguration$0
INFORMAÇÕES: -&gt; demoiselle.geogov.password = [valor suprimido pela anotação @ConfigurationSuppressLogger]
mai 17, 2019 3:11:29 PM org.demoiselle.jee.configuration.ConfigurationLoader lambda$printConfiguration$0
INFORMAÇÕES: -&gt; demoiselle.geogov.url = 
mai 17, 2019 3:11:29 PM org.demoiselle.jee.configuration.ConfigurationLoader lambda$printConfiguration$0
INFORMAÇÕES: -&gt; demoiselle.geogov.disableTrustCerts = true
mai 17, 2019 3:11:29 PM org.demoiselle.jee.configuration.ConfigurationLoader lambda$printConfiguration$0
INFORMAÇÕES: -&gt; demoiselle.geogov.properties = {Accept=application/json, User-Agent=demoiselle-geogov, Charset=utf-8, Content-Type=application/json}
mai 17, 2019 3:11:29 PM org.demoiselle.jee.geogov.consume.Util doPOST
GRAVE: null
java.net.MalformedURLException: no protocol: api/auth
	at java.net.URL.&lt;init&gt;(URL.java:593)
	at java.net.URL.&lt;init&gt;(URL.java:490)
	at java.net.URL.&lt;init&gt;(URL.java:439)
	at org.demoiselle.jee.geogov.consume.Util.doPOST(Util.java:119)
	at org.demoiselle.jee.geogov.consume.Util$Proxy$_$$_WeldClientProxy.doPOST(Unknown Source)
	at org.demoiselle.jee.geogov.consume.Auth.login(Auth.java:37)
	at org.demoiselle.jee.geogov.consume.Auth$Proxy$_$$_WeldClientProxy.login(Unknown Source)
	at org.demoiselle.jee.geogov.consume.GeocepsTest.testQueryString_String_Token(GeocepsTest.java:77)
	at sun.reflect.NativeMethodAccessorImpl.invoke0(Native Method)
	at sun.reflect.NativeMethodAccessorImpl.invoke(NativeMethodAccessorImpl.java:62)
	at sun.reflect.DelegatingMethodAccessorImpl.invoke(DelegatingMethodAccessorImpl.java:43)
	at java.lang.reflect.Method.invoke(Method.java:498)
	at org.junit.runners.model.FrameworkMethod$1.runReflectiveCall(FrameworkMethod.java:50)
	at org.junit.internal.runners.model.ReflectiveCallable.run(ReflectiveCallable.java:12)
	at org.junit.runners.model.FrameworkMethod.invokeExplosively(FrameworkMethod.java:47)
	at org.apache.deltaspike.testcontrol.api.junit.CdiTestRunner$ContainerAwareMethodInvoker.invokeMethod(CdiTestRunner.java:346)
	at org.apache.deltaspike.testcontrol.api.junit.CdiTestRunner$ContainerAwareMethodInvoker.evaluate(CdiTestRunner.java:318)
	at org.junit.internal.runners.statements.RunBefores.evaluate(RunBefores.java:26)
	at org.junit.internal.runners.statements.RunAfters.evaluate(RunAfters.java:27)
	at org.junit.runners.ParentRunner.runLeaf(ParentRunner.java:325)
	at org.junit.runners.BlockJUnit4ClassRunner.runChild(BlockJUnit4ClassRunner.java:78)
	at org.apache.deltaspike.testcontrol.api.junit.CdiTestRunner.runChild(CdiTestRunner.java:177)
	at org.apache.deltaspike.testcontrol.api.junit.CdiTestRunner.runChild(CdiTestRunner.java:76)
	at org.junit.runners.ParentRunner$3.run(ParentRunner.java:290)
	at org.junit.runners.ParentRunner$1.schedule(ParentRunner.java:71)
	at org.junit.runners.ParentRunner.runChildren(ParentRunner.java:288)
	at org.junit.runners.ParentRunner.access$000(ParentRunner.java:58)
	at org.junit.runners.ParentRunner$2.evaluate(ParentRunner.java:268)
	at org.junit.internal.runners.statements.RunBefores.evaluate(RunBefores.java:26)
	at org.apache.deltaspike.testcontrol.api.junit.CdiTestRunner$BeforeClassStatement.evaluate(CdiTestRunner.java:372)
	at org.junit.internal.runners.statements.RunAfters.evaluate(RunAfters.java:27)
	at org.apache.deltaspike.testcontrol.api.junit.CdiTestRunner$AfterClassStatement.evaluate(CdiTestRunner.java:393)
	at org.junit.runners.ParentRunner.run(ParentRunner.java:363)
	at org.apache.deltaspike.testcontrol.api.junit.CdiTestRunner.run(CdiTestRunner.java:144)
	at org.apache.maven.surefire.junit4.JUnit4Provider.execute(JUnit4Provider.java:252)
	at org.apache.maven.surefire.junit4.JUnit4Provider.executeTestSet(JUnit4Provider.java:141)
	at org.apache.maven.surefire.junit4.JUnit4Provider.invoke(JUnit4Provider.java:112)
	at sun.reflect.NativeMethodAccessorImpl.invoke0(Native Method)
	at sun.reflect.NativeMethodAccessorImpl.invoke(NativeMethodAccessorImpl.java:62)
	at sun.reflect.DelegatingMethodAccessorImpl.invoke(DelegatingMethodAccessorImpl.java:43)
	at java.lang.reflect.Method.invoke(Method.java:498)
	at org.apache.maven.surefire.util.ReflectionUtils.invokeMethodWithArray(ReflectionUtils.java:189)
	at org.apache.maven.surefire.booter.ProviderFactory$ProviderProxy.invoke(ProviderFactory.java:165)
	at org.apache.maven.surefire.booter.ProviderFactory.invokeProvider(ProviderFactory.java:85)
	at org.apache.maven.surefire.booter.ForkedBooter.runSuitesInProcess(ForkedBooter.java:115)
	at org.apache.maven.surefire.booter.ForkedBooter.main(ForkedBooter.java:75)

mai 17, 2019 3:11:29 PM org.demoiselle.jee.geogov.consume.Util doGET
GRAVE: null
java.net.MalformedURLException: no protocol: api/geoceps?cep=80520170
	at java.net.URL.&lt;init&gt;(URL.java:593)
	at java.net.URL.&lt;init&gt;(URL.java:490)
	at java.net.URL.&lt;init&gt;(URL.java:439)
	at org.demoiselle.jee.geogov.consume.Util.doGET(Util.java:61)
	at org.demoiselle.jee.geogov.consume.Util$Proxy$_$$_WeldClientProxy.doGET(Unknown Source)
	at org.demoiselle.jee.geogov.consume.Geoceps.queryString(Geoceps.java:65)
	at org.demoiselle.jee.geogov.consume.GeocepsTest.testQueryString_String_Token(GeocepsTest.java:82)
	at sun.reflect.NativeMethodAccessorImpl.invoke0(Native Method)
	at sun.reflect.NativeMethodAccessorImpl.invoke(NativeMethodAccessorImpl.java:62)
	at sun.reflect.DelegatingMethodAccessorImpl.invoke(DelegatingMethodAccessorImpl.java:43)
	at java.lang.reflect.Method.invoke(Method.java:498)
	at org.junit.runners.model.FrameworkMethod$1.runReflectiveCall(FrameworkMethod.java:50)
	at org.junit.internal.runners.model.ReflectiveCallable.run(ReflectiveCallable.java:12)
	at org.junit.runners.model.FrameworkMethod.invokeExplosively(FrameworkMethod.java:47)
	at org.apache.deltaspike.testcontrol.api.junit.CdiTestRunner$ContainerAwareMethodInvoker.invokeMethod(CdiTestRunner.java:346)
	at org.apache.deltaspike.testcontrol.api.junit.CdiTestRunner$ContainerAwareMethodInvoker.evaluate(CdiTestRunner.java:318)
	at org.junit.internal.runners.statements.RunBefores.evaluate(RunBefores.java:26)
	at org.junit.internal.runners.statements.RunAfters.evaluate(RunAfters.java:27)
	at org.junit.runners.ParentRunner.runLeaf(ParentRunner.java:325)
	at org.junit.runners.BlockJUnit4ClassRunner.runChild(BlockJUnit4ClassRunner.java:78)
	at org.apache.deltaspike.testcontrol.api.junit.CdiTestRunner.runChild(CdiTestRunner.java:177)
	at org.apache.deltaspike.testcontrol.api.junit.CdiTestRunner.runChild(CdiTestRunner.java:76)
	at org.junit.runners.ParentRunner$3.run(ParentRunner.java:290)
	at org.junit.runners.ParentRunner$1.schedule(ParentRunner.java:71)
	at org.junit.runners.ParentRunner.runChildren(ParentRunner.java:288)
	at org.junit.runners.ParentRunner.access$000(ParentRunner.java:58)
	at org.junit.runners.ParentRunner$2.evaluate(ParentRunner.java:268)
	at org.junit.internal.runners.statements.RunBefores.evaluate(RunBefores.java:26)
	at org.apache.deltaspike.testcontrol.api.junit.CdiTestRunner$BeforeClassStatement.evaluate(CdiTestRunner.java:372)
	at org.junit.internal.runners.statements.RunAfters.evaluate(RunAfters.java:27)
	at org.apache.deltaspike.testcontrol.api.junit.CdiTestRunner$AfterClassStatement.evaluate(CdiTestRunner.java:393)
	at org.junit.runners.ParentRunner.run(ParentRunner.java:363)
	at org.apache.deltaspike.testcontrol.api.junit.CdiTestRunner.run(CdiTestRunner.java:144)
	at org.apache.maven.surefire.junit4.JUnit4Provider.execute(JUnit4Provider.java:252)
	at org.apache.maven.surefire.junit4.JUnit4Provider.executeTestSet(JUnit4Provider.java:141)
	at org.apache.maven.surefire.junit4.JUnit4Provider.invoke(JUnit4Provider.java:112)
	at sun.reflect.NativeMethodAccessorImpl.invoke0(Native Method)
	at sun.reflect.NativeMethodAccessorImpl.invoke(NativeMethodAccessorImpl.java:62)
	at sun.reflect.DelegatingMethodAccessorImpl.invoke(DelegatingMethodAccessorImpl.java:43)
	at java.lang.reflect.Method.invoke(Method.java:498)
	at org.apache.maven.surefire.util.ReflectionUtils.invokeMethodWithArray(ReflectionUtils.java:189)
	at org.apache.maven.surefire.booter.ProviderFactory$ProviderProxy.invoke(ProviderFactory.java:165)
	at org.apache.maven.surefire.booter.ProviderFactory.invokeProvider(ProviderFactory.java:85)
	at org.apache.maven.surefire.booter.ForkedBooter.runSuitesInProcess(ForkedBooter.java:115)
	at org.apache.maven.surefire.booter.ForkedBooter.main(ForkedBooter.java:75)

</system-err>
  </testcase>
  <testcase classname="org.demoiselle.jee.geogov.consume.GeocepsTest" name="testGeocep_String_Token" time="0.004">
    <error message="Serviço indisponível" type="org.demoiselle.jee.core.exception.DemoiselleException">org.demoiselle.jee.core.exception.DemoiselleException: Serviço indisponível
	at org.demoiselle.jee.geogov.consume.Geoceps.geocep(Geoceps.java:42)
	at org.demoiselle.jee.geogov.consume.GeocepsTest.testGeocep_String_Token(GeocepsTest.java:66)
	at sun.reflect.NativeMethodAccessorImpl.invoke0(Native Method)
	at sun.reflect.NativeMethodAccessorImpl.invoke(NativeMethodAccessorImpl.java:62)
	at sun.reflect.DelegatingMethodAccessorImpl.invoke(DelegatingMethodAccessorImpl.java:43)
	at java.lang.reflect.Method.invoke(Method.java:498)
	at org.junit.runners.model.FrameworkMethod$1.runReflectiveCall(FrameworkMethod.java:50)
	at org.junit.internal.runners.model.ReflectiveCallable.run(ReflectiveCallable.java:12)
	at org.junit.runners.model.FrameworkMethod.invokeExplosively(FrameworkMethod.java:47)
	at org.apache.deltaspike.testcontrol.api.junit.CdiTestRunner$ContainerAwareMethodInvoker.invokeMethod(CdiTestRunner.java:346)
	at org.apache.deltaspike.testcontrol.api.junit.CdiTestRunner$ContainerAwareMethodInvoker.evaluate(CdiTestRunner.java:318)
	at org.junit.internal.runners.statements.RunBefores.evaluate(RunBefores.java:26)
	at org.junit.internal.runners.statements.RunAfters.evaluate(RunAfters.java:27)
	at org.junit.runners.ParentRunner.runLeaf(ParentRunner.java:325)
	at org.junit.runners.BlockJUnit4ClassRunner.runChild(BlockJUnit4ClassRunner.java:78)
	at org.apache.deltaspike.testcontrol.api.junit.CdiTestRunner.runChild(CdiTestRunner.java:177)
	at org.apache.deltaspike.testcontrol.api.junit.CdiTestRunner.runChild(CdiTestRunner.java:76)
	at org.junit.runners.ParentRunner$3.run(ParentRunner.java:290)
	at org.junit.runners.ParentRunner$1.schedule(ParentRunner.java:71)
	at org.junit.runners.ParentRunner.runChildren(ParentRunner.java:288)
	at org.junit.runners.ParentRunner.access$000(ParentRunner.java:58)
	at org.junit.runners.ParentRunner$2.evaluate(ParentRunner.java:268)
	at org.junit.internal.runners.statements.RunBefores.evaluate(RunBefores.java:26)
	at org.apache.deltaspike.testcontrol.api.junit.CdiTestRunner$BeforeClassStatement.evaluate(CdiTestRunner.java:372)
	at org.junit.internal.runners.statements.RunAfters.evaluate(RunAfters.java:27)
	at org.apache.deltaspike.testcontrol.api.junit.CdiTestRunner$AfterClassStatement.evaluate(CdiTestRunner.java:393)
	at org.junit.runners.ParentRunner.run(ParentRunner.java:363)
	at org.apache.deltaspike.testcontrol.api.junit.CdiTestRunner.run(CdiTestRunner.java:144)
	at org.apache.maven.surefire.junit4.JUnit4Provider.execute(JUnit4Provider.java:252)
	at org.apache.maven.surefire.junit4.JUnit4Provider.executeTestSet(JUnit4Provider.java:141)
	at org.apache.maven.surefire.junit4.JUnit4Provider.invoke(JUnit4Provider.java:112)
	at sun.reflect.NativeMethodAccessorImpl.invoke0(Native Method)
	at sun.reflect.NativeMethodAccessorImpl.invoke(NativeMethodAccessorImpl.java:62)
	at sun.reflect.DelegatingMethodAccessorImpl.invoke(DelegatingMethodAccessorImpl.java:43)
	at java.lang.reflect.Method.invoke(Method.java:498)
	at org.apache.maven.surefire.util.ReflectionUtils.invokeMethodWithArray(ReflectionUtils.java:189)
	at org.apache.maven.surefire.booter.ProviderFactory$ProviderProxy.invoke(ProviderFactory.java:165)
	at org.apache.maven.surefire.booter.ProviderFactory.invokeProvider(ProviderFactory.java:85)
	at org.apache.maven.surefire.booter.ForkedBooter.runSuitesInProcess(ForkedBooter.java:115)
	at org.apache.maven.surefire.booter.ForkedBooter.main(ForkedBooter.java:75)
</error>
    <system-out>geocep
</system-out>
    <system-err>mai 17, 2019 3:11:29 PM org.apache.deltaspike.testcontrol.api.junit.CdiTestSuiteRunner$LogRunListener testFailure
INFORMAÇÕES: [failed] org.demoiselle.jee.geogov.consume.GeocepsTest#testQueryString_String_Token message: Serviço indisponível
mai 17, 2019 3:11:29 PM org.apache.deltaspike.testcontrol.api.junit.CdiTestSuiteRunner$LogRunListener testFinished
INFORMAÇÕES: [finished] org.demoiselle.jee.geogov.consume.GeocepsTest#testQueryString_String_Token
mai 17, 2019 3:11:29 PM org.apache.deltaspike.testcontrol.api.junit.CdiTestSuiteRunner$LogRunListener testStarted
INFORMAÇÕES: [run] org.demoiselle.jee.geogov.consume.GeocepsTest#testGeocep_String_Token
mai 17, 2019 3:11:29 PM org.demoiselle.jee.geogov.consume.Util doPOST
GRAVE: null
java.net.MalformedURLException: no protocol: api/auth
	at java.net.URL.&lt;init&gt;(URL.java:593)
	at java.net.URL.&lt;init&gt;(URL.java:490)
	at java.net.URL.&lt;init&gt;(URL.java:439)
	at org.demoiselle.jee.geogov.consume.Util.doPOST(Util.java:119)
	at org.demoiselle.jee.geogov.consume.Util$Proxy$_$$_WeldClientProxy.doPOST(Unknown Source)
	at org.demoiselle.jee.geogov.consume.Auth.login(Auth.java:37)
	at org.demoiselle.jee.geogov.consume.Auth$Proxy$_$$_WeldClientProxy.login(Unknown Source)
	at org.demoiselle.jee.geogov.consume.GeocepsTest.testGeocep_String_Token(GeocepsTest.java:61)
	at sun.reflect.NativeMethodAccessorImpl.invoke0(Native Method)
	at sun.reflect.NativeMethodAccessorImpl.invoke(NativeMethodAccessorImpl.java:62)
	at sun.reflect.DelegatingMethodAccessorImpl.invoke(DelegatingMethodAccessorImpl.java:43)
	at java.lang.reflect.Method.invoke(Method.java:498)
	at org.junit.runners.model.FrameworkMethod$1.runReflectiveCall(FrameworkMethod.java:50)
	at org.junit.internal.runners.model.ReflectiveCallable.run(ReflectiveCallable.java:12)
	at org.junit.runners.model.FrameworkMethod.invokeExplosively(FrameworkMethod.java:47)
	at org.apache.deltaspike.testcontrol.api.junit.CdiTestRunner$ContainerAwareMethodInvoker.invokeMethod(CdiTestRunner.java:346)
	at org.apache.deltaspike.testcontrol.api.junit.CdiTestRunner$ContainerAwareMethodInvoker.evaluate(CdiTestRunner.java:318)
	at org.junit.internal.runners.statements.RunBefores.evaluate(RunBefores.java:26)
	at org.junit.internal.runners.statements.RunAfters.evaluate(RunAfters.java:27)
	at org.junit.runners.ParentRunner.runLeaf(ParentRunner.java:325)
	at org.junit.runners.BlockJUnit4ClassRunner.runChild(BlockJUnit4ClassRunner.java:78)
	at org.apache.deltaspike.testcontrol.api.junit.CdiTestRunner.runChild(CdiTestRunner.java:177)
	at org.apache.deltaspike.testcontrol.api.junit.CdiTestRunner.runChild(CdiTestRunner.java:76)
	at org.junit.runners.ParentRunner$3.run(ParentRunner.java:290)
	at org.junit.runners.ParentRunner$1.schedule(ParentRunner.java:71)
	at org.junit.runners.ParentRunner.runChildren(ParentRunner.java:288)
	at org.junit.runners.ParentRunner.access$000(ParentRunner.java:58)
	at org.junit.runners.ParentRunner$2.evaluate(ParentRunner.java:268)
	at org.junit.internal.runners.statements.RunBefores.evaluate(RunBefores.java:26)
	at org.apache.deltaspike.testcontrol.api.junit.CdiTestRunner$BeforeClassStatement.evaluate(CdiTestRunner.java:372)
	at org.junit.internal.runners.statements.RunAfters.evaluate(RunAfters.java:27)
	at org.apache.deltaspike.testcontrol.api.junit.CdiTestRunner$AfterClassStatement.evaluate(CdiTestRunner.java:393)
	at org.junit.runners.ParentRunner.run(ParentRunner.java:363)
	at org.apache.deltaspike.testcontrol.api.junit.CdiTestRunner.run(CdiTestRunner.java:144)
	at org.apache.maven.surefire.junit4.JUnit4Provider.execute(JUnit4Provider.java:252)
	at org.apache.maven.surefire.junit4.JUnit4Provider.executeTestSet(JUnit4Provider.java:141)
	at org.apache.maven.surefire.junit4.JUnit4Provider.invoke(JUnit4Provider.java:112)
	at sun.reflect.NativeMethodAccessorImpl.invoke0(Native Method)
	at sun.reflect.NativeMethodAccessorImpl.invoke(NativeMethodAccessorImpl.java:62)
	at sun.reflect.DelegatingMethodAccessorImpl.invoke(DelegatingMethodAccessorImpl.java:43)
	at java.lang.reflect.Method.invoke(Method.java:498)
	at org.apache.maven.surefire.util.ReflectionUtils.invokeMethodWithArray(ReflectionUtils.java:189)
	at org.apache.maven.surefire.booter.ProviderFactory$ProviderProxy.invoke(ProviderFactory.java:165)
	at org.apache.maven.surefire.booter.ProviderFactory.invokeProvider(ProviderFactory.java:85)
	at org.apache.maven.surefire.booter.ForkedBooter.runSuitesInProcess(ForkedBooter.java:115)
	at org.apache.maven.surefire.booter.ForkedBooter.main(ForkedBooter.java:75)

mai 17, 2019 3:11:29 PM org.demoiselle.jee.geogov.consume.Util doGET
GRAVE: null
java.net.MalformedURLException: no protocol: api/geoceps/80520170
	at java.net.URL.&lt;init&gt;(URL.java:593)
	at java.net.URL.&lt;init&gt;(URL.java:490)
	at java.net.URL.&lt;init&gt;(URL.java:439)
	at org.demoiselle.jee.geogov.consume.Util.doGET(Util.java:61)
	at org.demoiselle.jee.geogov.consume.Util$Proxy$_$$_WeldClientProxy.doGET(Unknown Source)
	at org.demoiselle.jee.geogov.consume.Geoceps.geocep(Geoceps.java:35)
	at org.demoiselle.jee.geogov.consume.GeocepsTest.testGeocep_String_Token(GeocepsTest.java:66)
	at sun.reflect.NativeMethodAccessorImpl.invoke0(Native Method)
	at sun.reflect.NativeMethodAccessorImpl.invoke(NativeMethodAccessorImpl.java:62)
	at sun.reflect.DelegatingMethodAccessorImpl.invoke(DelegatingMethodAccessorImpl.java:43)
	at java.lang.reflect.Method.invoke(Method.java:498)
	at org.junit.runners.model.FrameworkMethod$1.runReflectiveCall(FrameworkMethod.java:50)
	at org.junit.internal.runners.model.ReflectiveCallable.run(ReflectiveCallable.java:12)
	at org.junit.runners.model.FrameworkMethod.invokeExplosively(FrameworkMethod.java:47)
	at org.apache.deltaspike.testcontrol.api.junit.CdiTestRunner$ContainerAwareMethodInvoker.invokeMethod(CdiTestRunner.java:346)
	at org.apache.deltaspike.testcontrol.api.junit.CdiTestRunner$ContainerAwareMethodInvoker.evaluate(CdiTestRunner.java:318)
	at org.junit.internal.runners.statements.RunBefores.evaluate(RunBefores.java:26)
	at org.junit.internal.runners.statements.RunAfters.evaluate(RunAfters.java:27)
	at org.junit.runners.ParentRunner.runLeaf(ParentRunner.java:325)
	at org.junit.runners.BlockJUnit4ClassRunner.runChild(BlockJUnit4ClassRunner.java:78)
	at org.apache.deltaspike.testcontrol.api.junit.CdiTestRunner.runChild(CdiTestRunner.java:177)
	at org.apache.deltaspike.testcontrol.api.junit.CdiTestRunner.runChild(CdiTestRunner.java:76)
	at org.junit.runners.ParentRunner$3.run(ParentRunner.java:290)
	at org.junit.runners.ParentRunner$1.schedule(ParentRunner.java:71)
	at org.junit.runners.ParentRunner.runChildren(ParentRunner.java:288)
	at org.junit.runners.ParentRunner.access$000(ParentRunner.java:58)
	at org.junit.runners.ParentRunner$2.evaluate(ParentRunner.java:268)
	at org.junit.internal.runners.statements.RunBefores.evaluate(RunBefores.java:26)
	at org.apache.deltaspike.testcontrol.api.junit.CdiTestRunner$BeforeClassStatement.evaluate(CdiTestRunner.java:372)
	at org.junit.internal.runners.statements.RunAfters.evaluate(RunAfters.java:27)
	at org.apache.deltaspike.testcontrol.api.junit.CdiTestRunner$AfterClassStatement.evaluate(CdiTestRunner.java:393)
	at org.junit.runners.ParentRunner.run(ParentRunner.java:363)
	at org.apache.deltaspike.testcontrol.api.junit.CdiTestRunner.run(CdiTestRunner.java:144)
	at org.apache.maven.surefire.junit4.JUnit4Provider.execute(JUnit4Provider.java:252)
	at org.apache.maven.surefire.junit4.JUnit4Provider.executeTestSet(JUnit4Provider.java:141)
	at org.apache.maven.surefire.junit4.JUnit4Provider.invoke(JUnit4Provider.java:112)
	at sun.reflect.NativeMethodAccessorImpl.invoke0(Native Method)
	at sun.reflect.NativeMethodAccessorImpl.invoke(NativeMethodAccessorImpl.java:62)
	at sun.reflect.DelegatingMethodAccessorImpl.invoke(DelegatingMethodAccessorImpl.java:43)
	at java.lang.reflect.Method.invoke(Method.java:498)
	at org.apache.maven.surefire.util.ReflectionUtils.invokeMethodWithArray(ReflectionUtils.java:189)
	at org.apache.maven.surefire.booter.ProviderFactory$ProviderProxy.invoke(ProviderFactory.java:165)
	at org.apache.maven.surefire.booter.ProviderFactory.invokeProvider(ProviderFactory.java:85)
	at org.apache.maven.surefire.booter.ForkedBooter.runSuitesInProcess(ForkedBooter.java:115)
	at org.apache.maven.surefire.booter.ForkedBooter.main(ForkedBooter.java:75)

</system-err>
  </testcase>
  <testcase classname="org.demoiselle.jee.geogov.consume.GeocepsTest" name="testSearchByExample_Geocep_Token" time="0.005">
    <error message="Serviço indisponível" type="org.demoiselle.jee.core.exception.DemoiselleException">org.demoiselle.jee.core.exception.DemoiselleException: Serviço indisponível
	at org.demoiselle.jee.geogov.consume.Geoceps.queryString(Geoceps.java:72)
	at org.demoiselle.jee.geogov.consume.Geoceps.searchByExample(Geoceps.java:93)
	at org.demoiselle.jee.geogov.consume.GeocepsTest.testSearchByExample_Geocep_Token(GeocepsTest.java:98)
	at sun.reflect.NativeMethodAccessorImpl.invoke0(Native Method)
	at sun.reflect.NativeMethodAccessorImpl.invoke(NativeMethodAccessorImpl.java:62)
	at sun.reflect.DelegatingMethodAccessorImpl.invoke(DelegatingMethodAccessorImpl.java:43)
	at java.lang.reflect.Method.invoke(Method.java:498)
	at org.junit.runners.model.FrameworkMethod$1.runReflectiveCall(FrameworkMethod.java:50)
	at org.junit.internal.runners.model.ReflectiveCallable.run(ReflectiveCallable.java:12)
	at org.junit.runners.model.FrameworkMethod.invokeExplosively(FrameworkMethod.java:47)
	at org.apache.deltaspike.testcontrol.api.junit.CdiTestRunner$ContainerAwareMethodInvoker.invokeMethod(CdiTestRunner.java:346)
	at org.apache.deltaspike.testcontrol.api.junit.CdiTestRunner$ContainerAwareMethodInvoker.evaluate(CdiTestRunner.java:318)
	at org.junit.internal.runners.statements.RunBefores.evaluate(RunBefores.java:26)
	at org.junit.internal.runners.statements.RunAfters.evaluate(RunAfters.java:27)
	at org.junit.runners.ParentRunner.runLeaf(ParentRunner.java:325)
	at org.junit.runners.BlockJUnit4ClassRunner.runChild(BlockJUnit4ClassRunner.java:78)
	at org.apache.deltaspike.testcontrol.api.junit.CdiTestRunner.runChild(CdiTestRunner.java:177)
	at org.apache.deltaspike.testcontrol.api.junit.CdiTestRunner.runChild(CdiTestRunner.java:76)
	at org.junit.runners.ParentRunner$3.run(ParentRunner.java:290)
	at org.junit.runners.ParentRunner$1.schedule(ParentRunner.java:71)
	at org.junit.runners.ParentRunner.runChildren(ParentRunner.java:288)
	at org.junit.runners.ParentRunner.access$000(ParentRunner.java:58)
	at org.junit.runners.ParentRunner$2.evaluate(ParentRunner.java:268)
	at org.junit.internal.runners.statements.RunBefores.evaluate(RunBefores.java:26)
	at org.apache.deltaspike.testcontrol.api.junit.CdiTestRunner$BeforeClassStatement.evaluate(CdiTestRunner.java:372)
	at org.junit.internal.runners.statements.RunAfters.evaluate(RunAfters.java:27)
	at org.apache.deltaspike.testcontrol.api.junit.CdiTestRunner$AfterClassStatement.evaluate(CdiTestRunner.java:393)
	at org.junit.runners.ParentRunner.run(ParentRunner.java:363)
	at org.apache.deltaspike.testcontrol.api.junit.CdiTestRunner.run(CdiTestRunner.java:144)
	at org.apache.maven.surefire.junit4.JUnit4Provider.execute(JUnit4Provider.java:252)
	at org.apache.maven.surefire.junit4.JUnit4Provider.executeTestSet(JUnit4Provider.java:141)
	at org.apache.maven.surefire.junit4.JUnit4Provider.invoke(JUnit4Provider.java:112)
	at sun.reflect.NativeMethodAccessorImpl.invoke0(Native Method)
	at sun.reflect.NativeMethodAccessorImpl.invoke(NativeMethodAccessorImpl.java:62)
	at sun.reflect.DelegatingMethodAccessorImpl.invoke(DelegatingMethodAccessorImpl.java:43)
	at java.lang.reflect.Method.invoke(Method.java:498)
	at org.apache.maven.surefire.util.ReflectionUtils.invokeMethodWithArray(ReflectionUtils.java:189)
	at org.apache.maven.surefire.booter.ProviderFactory$ProviderProxy.invoke(ProviderFactory.java:165)
	at org.apache.maven.surefire.booter.ProviderFactory.invokeProvider(ProviderFactory.java:85)
	at org.apache.maven.surefire.booter.ForkedBooter.runSuitesInProcess(ForkedBooter.java:115)
	at org.apache.maven.surefire.booter.ForkedBooter.main(ForkedBooter.java:75)
</error>
    <system-out>searchByExample
</system-out>
    <system-err>mai 17, 2019 3:11:29 PM org.apache.deltaspike.testcontrol.api.junit.CdiTestSuiteRunner$LogRunListener testFailure
INFORMAÇÕES: [failed] org.demoiselle.jee.geogov.consume.GeocepsTest#testGeocep_String_Token message: Serviço indisponível
mai 17, 2019 3:11:29 PM org.apache.deltaspike.testcontrol.api.junit.CdiTestSuiteRunner$LogRunListener testFinished
INFORMAÇÕES: [finished] org.demoiselle.jee.geogov.consume.GeocepsTest#testGeocep_String_Token
mai 17, 2019 3:11:29 PM org.apache.deltaspike.testcontrol.api.junit.CdiTestSuiteRunner$LogRunListener testStarted
INFORMAÇÕES: [run] org.demoiselle.jee.geogov.consume.GeocepsTest#testSearchByExample_Geocep_Token
mai 17, 2019 3:11:29 PM org.demoiselle.jee.geogov.consume.Util doPOST
GRAVE: null
java.net.MalformedURLException: no protocol: api/auth
	at java.net.URL.&lt;init&gt;(URL.java:593)
	at java.net.URL.&lt;init&gt;(URL.java:490)
	at java.net.URL.&lt;init&gt;(URL.java:439)
	at org.demoiselle.jee.geogov.consume.Util.doPOST(Util.java:119)
	at org.demoiselle.jee.geogov.consume.Util$Proxy$_$$_WeldClientProxy.doPOST(Unknown Source)
	at org.demoiselle.jee.geogov.consume.Auth.login(Auth.java:37)
	at org.demoiselle.jee.geogov.consume.Auth$Proxy$_$$_WeldClientProxy.login(Unknown Source)
	at org.demoiselle.jee.geogov.consume.GeocepsTest.testSearchByExample_Geocep_Token(GeocepsTest.java:93)
	at sun.reflect.NativeMethodAccessorImpl.invoke0(Native Method)
	at sun.reflect.NativeMethodAccessorImpl.invoke(NativeMethodAccessorImpl.java:62)
	at sun.reflect.DelegatingMethodAccessorImpl.invoke(DelegatingMethodAccessorImpl.java:43)
	at java.lang.reflect.Method.invoke(Method.java:498)
	at org.junit.runners.model.FrameworkMethod$1.runReflectiveCall(FrameworkMethod.java:50)
	at org.junit.internal.runners.model.ReflectiveCallable.run(ReflectiveCallable.java:12)
	at org.junit.runners.model.FrameworkMethod.invokeExplosively(FrameworkMethod.java:47)
	at org.apache.deltaspike.testcontrol.api.junit.CdiTestRunner$ContainerAwareMethodInvoker.invokeMethod(CdiTestRunner.java:346)
	at org.apache.deltaspike.testcontrol.api.junit.CdiTestRunner$ContainerAwareMethodInvoker.evaluate(CdiTestRunner.java:318)
	at org.junit.internal.runners.statements.RunBefores.evaluate(RunBefores.java:26)
	at org.junit.internal.runners.statements.RunAfters.evaluate(RunAfters.java:27)
	at org.junit.runners.ParentRunner.runLeaf(ParentRunner.java:325)
	at org.junit.runners.BlockJUnit4ClassRunner.runChild(BlockJUnit4ClassRunner.java:78)
	at org.apache.deltaspike.testcontrol.api.junit.CdiTestRunner.runChild(CdiTestRunner.java:177)
	at org.apache.deltaspike.testcontrol.api.junit.CdiTestRunner.runChild(CdiTestRunner.java:76)
	at org.junit.runners.ParentRunner$3.run(ParentRunner.java:290)
	at org.junit.runners.ParentRunner$1.schedule(ParentRunner.java:71)
	at org.junit.runners.ParentRunner.runChildren(ParentRunner.java:288)
	at org.junit.runners.ParentRunner.access$000(ParentRunner.java:58)
	at org.junit.runners.ParentRunner$2.evaluate(ParentRunner.java:268)
	at org.junit.internal.runners.statements.RunBefores.evaluate(RunBefores.java:26)
	at org.apache.deltaspike.testcontrol.api.junit.CdiTestRunner$BeforeClassStatement.evaluate(CdiTestRunner.java:372)
	at org.junit.internal.runners.statements.RunAfters.evaluate(RunAfters.java:27)
	at org.apache.deltaspike.testcontrol.api.junit.CdiTestRunner$AfterClassStatement.evaluate(CdiTestRunner.java:393)
	at org.junit.runners.ParentRunner.run(ParentRunner.java:363)
	at org.apache.deltaspike.testcontrol.api.junit.CdiTestRunner.run(CdiTestRunner.java:144)
	at org.apache.maven.surefire.junit4.JUnit4Provider.execute(JUnit4Provider.java:252)
	at org.apache.maven.surefire.junit4.JUnit4Provider.executeTestSet(JUnit4Provider.java:141)
	at org.apache.maven.surefire.junit4.JUnit4Provider.invoke(JUnit4Provider.java:112)
	at sun.reflect.NativeMethodAccessorImpl.invoke0(Native Method)
	at sun.reflect.NativeMethodAccessorImpl.invoke(NativeMethodAccessorImpl.java:62)
	at sun.reflect.DelegatingMethodAccessorImpl.invoke(DelegatingMethodAccessorImpl.java:43)
	at java.lang.reflect.Method.invoke(Method.java:498)
	at org.apache.maven.surefire.util.ReflectionUtils.invokeMethodWithArray(ReflectionUtils.java:189)
	at org.apache.maven.surefire.booter.ProviderFactory$ProviderProxy.invoke(ProviderFactory.java:165)
	at org.apache.maven.surefire.booter.ProviderFactory.invokeProvider(ProviderFactory.java:85)
	at org.apache.maven.surefire.booter.ForkedBooter.runSuitesInProcess(ForkedBooter.java:115)
	at org.apache.maven.surefire.booter.ForkedBooter.main(ForkedBooter.java:75)

mai 17, 2019 3:11:29 PM org.demoiselle.jee.geogov.consume.Util doGET
GRAVE: null
java.net.MalformedURLException: no protocol: api/geoceps?cep=80520170&amp;
	at java.net.URL.&lt;init&gt;(URL.java:593)
	at java.net.URL.&lt;init&gt;(URL.java:490)
	at java.net.URL.&lt;init&gt;(URL.java:439)
	at org.demoiselle.jee.geogov.consume.Util.doGET(Util.java:61)
	at org.demoiselle.jee.geogov.consume.Util$Proxy$_$$_WeldClientProxy.doGET(Unknown Source)
	at org.demoiselle.jee.geogov.consume.Geoceps.queryString(Geoceps.java:65)
	at org.demoiselle.jee.geogov.consume.Geoceps.searchByExample(Geoceps.java:93)
	at org.demoiselle.jee.geogov.consume.GeocepsTest.testSearchByExample_Geocep_Token(GeocepsTest.java:98)
	at sun.reflect.NativeMethodAccessorImpl.invoke0(Native Method)
	at sun.reflect.NativeMethodAccessorImpl.invoke(NativeMethodAccessorImpl.java:62)
	at sun.reflect.DelegatingMethodAccessorImpl.invoke(DelegatingMethodAccessorImpl.java:43)
	at java.lang.reflect.Method.invoke(Method.java:498)
	at org.junit.runners.model.FrameworkMethod$1.runReflectiveCall(FrameworkMethod.java:50)
	at org.junit.internal.runners.model.ReflectiveCallable.run(ReflectiveCallable.java:12)
	at org.junit.runners.model.FrameworkMethod.invokeExplosively(FrameworkMethod.java:47)
	at org.apache.deltaspike.testcontrol.api.junit.CdiTestRunner$ContainerAwareMethodInvoker.invokeMethod(CdiTestRunner.java:346)
	at org.apache.deltaspike.testcontrol.api.junit.CdiTestRunner$ContainerAwareMethodInvoker.evaluate(CdiTestRunner.java:318)
	at org.junit.internal.runners.statements.RunBefores.evaluate(RunBefores.java:26)
	at org.junit.internal.runners.statements.RunAfters.evaluate(RunAfters.java:27)
	at org.junit.runners.ParentRunner.runLeaf(ParentRunner.java:325)
	at org.junit.runners.BlockJUnit4ClassRunner.runChild(BlockJUnit4ClassRunner.java:78)
	at org.apache.deltaspike.testcontrol.api.junit.CdiTestRunner.runChild(CdiTestRunner.java:177)
	at org.apache.deltaspike.testcontrol.api.junit.CdiTestRunner.runChild(CdiTestRunner.java:76)
	at org.junit.runners.ParentRunner$3.run(ParentRunner.java:290)
	at org.junit.runners.ParentRunner$1.schedule(ParentRunner.java:71)
	at org.junit.runners.ParentRunner.runChildren(ParentRunner.java:288)
	at org.junit.runners.ParentRunner.access$000(ParentRunner.java:58)
	at org.junit.runners.ParentRunner$2.evaluate(ParentRunner.java:268)
	at org.junit.internal.runners.statements.RunBefores.evaluate(RunBefores.java:26)
	at org.apache.deltaspike.testcontrol.api.junit.CdiTestRunner$BeforeClassStatement.evaluate(CdiTestRunner.java:372)
	at org.junit.internal.runners.statements.RunAfters.evaluate(RunAfters.java:27)
	at org.apache.deltaspike.testcontrol.api.junit.CdiTestRunner$AfterClassStatement.evaluate(CdiTestRunner.java:393)
	at org.junit.runners.ParentRunner.run(ParentRunner.java:363)
	at org.apache.deltaspike.testcontrol.api.junit.CdiTestRunner.run(CdiTestRunner.java:144)
	at org.apache.maven.surefire.junit4.JUnit4Provider.execute(JUnit4Provider.java:252)
	at org.apache.maven.surefire.junit4.JUnit4Provider.executeTestSet(JUnit4Provider.java:141)
	at org.apache.maven.surefire.junit4.JUnit4Provider.invoke(JUnit4Provider.java:112)
	at sun.reflect.NativeMethodAccessorImpl.invoke0(Native Method)
	at sun.reflect.NativeMethodAccessorImpl.invoke(NativeMethodAccessorImpl.java:62)
	at sun.reflect.DelegatingMethodAccessorImpl.invoke(DelegatingMethodAccessorImpl.java:43)
	at java.lang.reflect.Method.invoke(Method.java:498)
	at org.apache.maven.surefire.util.ReflectionUtils.invokeMethodWithArray(ReflectionUtils.java:189)
	at org.apache.maven.surefire.booter.ProviderFactory$ProviderProxy.invoke(ProviderFactory.java:165)
	at org.apache.maven.surefire.booter.ProviderFactory.invokeProvider(ProviderFactory.java:85)
	at org.apache.maven.surefire.booter.ForkedBooter.runSuitesInProcess(ForkedBooter.java:115)
	at org.apache.maven.surefire.booter.ForkedBooter.main(ForkedBooter.java:75)

</system-err>
  </testcase>
</testsuite>